<?xml version="1.0" encoding="UTF-8"?>
<testng-results ignored="0" total="1" passed="1" failed="0" skipped="0">
  <reporter-output>
  </reporter-output>
  <suite started-at="2019-06-25T17:28:44Z" name="Suite" finished-at="2019-06-25T17:28:45Z" duration-ms="37">
    <groups>
    </groups>
    <test started-at="2019-06-25T17:28:44Z" name="Test" finished-at="2019-06-25T17:28:45Z" duration-ms="37">
      <class name="Mavenproject.testcase1">
        <test-method signature="Demo()[pri:0, instance:Mavenproject.testcase1@1a84f40f]" started-at="2019-06-25T17:28:44Z" name="Demo" finished-at="2019-06-25T17:28:44Z" duration-ms="11" status="PASS">
          <reporter-output>
          </reporter-output>
        </test-method> <!-- Demo -->
      </class> <!-- Mavenproject.testcase1 -->
    </test> <!-- Test -->
  </suite> <!-- Suite -->
</testng-results>
